<?xml version="1.0" encoding="UTF-8"?>
<testsuite name="dao.Sql2oLoaneeDaoTest" tests="1" skipped="0" failures="0" errors="0" timestamp="2020-12-17T11:32:45" hostname="moringa-ThinkPad-L450" time="0.021">
  <properties/>
  <testcase name="addingLoanSetsId" classname="dao.Sql2oLoaneeDaoTest" time="0.021"/>
  <system-out><![CDATA[connection closed
]]></system-out>
  <system-err><![CDATA[]]></system-err>
</testsuite>
