<?xml version="1.0" encoding="UTF-8"?>
<testsuite name="models.LoaneeTest" tests="3" skipped="0" failures="0" errors="0" timestamp="2020-12-22T12:05:18" hostname="moringa-ThinkPad-L450" time="0.002">
  <properties/>
  <testcase name="loanee_instantiantesCorrectlyName" classname="models.LoaneeTest" time="0.001"/>
  <testcase name="setId" classname="models.LoaneeTest" time="0.001"/>
  <testcase name="setName" classname="models.LoaneeTest" time="0.0"/>
  <system-out><![CDATA[]]></system-out>
  <system-err><![CDATA[]]></system-err>
</testsuite>
